[0320/134546.046:ERROR:process_memory_win.cc(73)] ReadMemory at 0x7ff7e14f0000 of 64 bytes failed: Only part of a ReadProcessMemory or WriteProcessMemory request was completed. (0x12B)
[0320/134546.162:WARNING:pe_image_reader.cc(340)] could not read dos header from C:\Program Files (x86)\Google\Chrome\Application\chrome.exe
[0320/134546.162:ERROR:process_memory_win.cc(73)] ReadMemory at 0x7ffc50480000 of 64 bytes failed: Only part of a ReadProcessMemory or WriteProcessMemory request was completed. (0x12B)
[0320/134546.163:WARNING:pe_image_reader.cc(340)] could not read dos header from C:\WINDOWS\SYSTEM32\ntdll.dll
[0320/134546.163:ERROR:process_memory_win.cc(73)] ReadMemory at 0x7ffc50210000 of 64 bytes failed: Only part of a ReadProcessMemory or WriteProcessMemory request was completed. (0x12B)
[0320/134546.164:WARNING:pe_image_reader.cc(340)] could not read dos header from C:\WINDOWS\System32\KERNEL32.DLL
[0320/134546.164:ERROR:process_memory_win.cc(73)] ReadMemory at 0x7ffc4de90000 of 64 bytes failed: Only part of a ReadProcessMemory or WriteProcessMemory request was completed. (0x12B)
[0320/134546.164:WARNING:pe_image_reader.cc(340)] could not read dos header from C:\WINDOWS\System32\KERNELBASE.dll
[0320/134546.164:ERROR:process_memory_win.cc(73)] ReadMemory at 0x7ffc4b170000 of 64 bytes failed: Only part of a ReadProcessMemory or WriteProcessMemory request was completed. (0x12B)
[0320/134546.164:WARNING:pe_image_reader.cc(340)] could not read dos header from C:\WINDOWS\SYSTEM32\apphelp.dll
[0320/134546.164:ERROR:process_memory_win.cc(73)] ReadMemory at 0x7ffc33040000 of 64 bytes failed: Only part of a ReadProcessMemory or WriteProcessMemory request was completed. (0x12B)
[0320/134546.165:WARNING:pe_image_reader.cc(340)] could not read dos header from C:\Program Files (x86)\Google\Chrome\Application\80.0.3987.149\chrome_elf.dll
[0320/134546.165:ERROR:process_memory_win.cc(73)] ReadMemory at 0x7ffc415f0000 of 64 bytes failed: Only part of a ReadProcessMemory or WriteProcessMemory request was completed. (0x12B)
[0320/134546.165:WARNING:pe_image_reader.cc(340)] could not read dos header from C:\WINDOWS\SYSTEM32\VERSION.dll
[0320/134546.165:ERROR:process_memory_win.cc(73)] ReadMemory at 0x7ffc4f7e0000 of 64 bytes failed: Only part of a ReadProcessMemory or WriteProcessMemory request was completed. (0x12B)
[0320/134546.165:WARNING:pe_image_reader.cc(340)] could not read dos header from C:\WINDOWS\System32\msvcrt.dll
[0320/134546.165:ERROR:process_memory_win.cc(73)] ReadMemory at 0x7ffc4e310000 of 64 bytes failed: Only part of a ReadProcessMemory or WriteProcessMemory request was completed. (0x12B)
[0320/134546.165:WARNING:pe_image_reader.cc(340)] could not read dos header from C:\WINDOWS\System32\bcryptPrimitives.dll
[0320/134546.165:ERROR:process_memory_win.cc(73)] ReadMemory at 0x7ffc4ec10000 of 64 bytes failed: Only part of a ReadProcessMemory or WriteProcessMemory request was completed. (0x12B)
[0320/134546.166:WARNING:pe_image_reader.cc(340)] could not read dos header from C:\WINDOWS\System32\ADVAPI32.dll
[0320/134546.166:ERROR:process_memory_win.cc(73)] ReadMemory at 0x7ffc4eb70000 of 64 bytes failed: Only part of a ReadProcessMemory or WriteProcessMemory request was completed. (0x12B)
[0320/134546.166:WARNING:pe_image_reader.cc(340)] could not read dos header from C:\WINDOWS\System32\sechost.dll
[0320/134546.166:ERROR:process_memory_win.cc(73)] ReadMemory at 0x7ffc4ea50000 of 64 bytes failed: Only part of a ReadProcessMemory or WriteProcessMemory request was completed. (0x12B)
[0320/134546.166:WARNING:pe_image_reader.cc(340)] could not read dos header from C:\WINDOWS\System32\RPCRT4.dll
[0320/134546.166:ERROR:process_memory_win.cc(73)] ReadMemory at 0x7ffbf3130000 of 64 bytes failed: Only part of a ReadProcessMemory or WriteProcessMemory request was completed. (0x12B)
[0320/134546.166:WARNING:pe_image_reader.cc(340)] could not read dos header from C:\Program Files (x86)\Google\Chrome\Application\80.0.3987.149\chrome.dll
[0320/134546.167:ERROR:process_memory_win.cc(73)] ReadMemory at 0x7ffc4f880000 of 64 bytes failed: Only part of a ReadProcessMemory or WriteProcessMemory request was completed. (0x12B)
[0320/134546.223:WARNING:pe_image_reader.cc(340)] could not read dos header from C:\WINDOWS\System32\WS2_32.dll
[0320/134546.223:ERROR:process_memory_win.cc(73)] ReadMemory at 0x7ffc4e730000 of 64 bytes failed: Only part of a ReadProcessMemory or WriteProcessMemory request was completed. (0x12B)
[0320/134546.224:WARNING:pe_image_reader.cc(340)] could not read dos header from C:\WINDOWS\System32\OLEAUT32.dll
[0320/134546.224:ERROR:process_memory_win.cc(73)] ReadMemory at 0x7ffc4e220000 of 64 bytes failed: Only part of a ReadProcessMemory or WriteProcessMemory request was completed. (0x12B)
[0320/134546.224:WARNING:pe_image_reader.cc(340)] could not read dos header from C:\WINDOWS\System32\msvcp_win.dll
[0320/134546.224:ERROR:process_memory_win.cc(73)] ReadMemory at 0x7ffc4d470000 of 64 bytes failed: Only part of a ReadProcessMemory or WriteProcessMemory request was completed. (0x12B)
[0320/134546.224:WARNING:pe_image_reader.cc(340)] could not read dos header from C:\WINDOWS\System32\ucrtbase.dll
[0320/134546.225:ERROR:process_memory_win.cc(73)] ReadMemory at 0x7ffc4f4a0000 of 64 bytes failed: Only part of a ReadProcessMemory or WriteProcessMemory request was completed. (0x12B)
[0320/134546.225:WARNING:pe_image_reader.cc(340)] could not read dos header from C:\WINDOWS\System32\combase.dll
[0320/134546.225:ERROR:process_memory_win.cc(73)] ReadMemory at 0x7ffc4e140000 of 64 bytes failed: Only part of a ReadProcessMemory or WriteProcessMemory request was completed. (0x12B)
[0320/134546.225:WARNING:pe_image_reader.cc(340)] could not read dos header from C:\WINDOWS\System32\WINTRUST.dll
[0320/134546.225:ERROR:process_memory_win.cc(73)] ReadMemory at 0x7ffc4d3b0000 of 64 bytes failed: Only part of a ReadProcessMemory or WriteProcessMemory request was completed. (0x12B)
[0320/134546.226:WARNING:pe_image_reader.cc(340)] could not read dos header from C:\WINDOWS\System32\MSASN1.dll
[0320/134546.226:ERROR:process_memory_win.cc(73)] ReadMemory at 0x7ffc4e390000 of 64 bytes failed: Only part of a ReadProcessMemory or WriteProcessMemory request was completed. (0x12B)
[0320/134546.226:WARNING:pe_image_reader.cc(340)] could not read dos header from C:\WINDOWS\System32\CRYPT32.dll
[0320/134546.226:ERROR:process_memory_win.cc(73)] ReadMemory at 0x7ffc4c920000 of 64 bytes failed: Only part of a ReadProcessMemory or WriteProcessMemory request was completed. (0x12B)
[0320/134546.226:WARNING:pe_image_reader.cc(340)] could not read dos header from C:\WINDOWS\SYSTEM32\IPHLPAPI.DLL
[0320/134546.227:ERROR:process_memory_win.cc(73)] ReadMemory at 0x7ffc4b390000 of 64 bytes failed: Only part of a ReadProcessMemory or WriteProcessMemory request was completed. (0x12B)
[0320/134546.227:WARNING:pe_image_reader.cc(340)] could not read dos header from C:\WINDOWS\SYSTEM32\WINMM.dll
[0320/134546.227:ERROR:process_memory_win.cc(73)] ReadMemory at 0x7ffc3cbf0000 of 64 bytes failed: Only part of a ReadProcessMemory or WriteProcessMemory request was completed. (0x12B)
[0320/134546.227:WARNING:pe_image_reader.cc(340)] could not read dos header from C:\WINDOWS\SYSTEM32\Secur32.dll
[0320/134546.227:ERROR:process_memory_win.cc(73)] ReadMemory at 0x7ffc4d2c0000 of 64 bytes failed: Only part of a ReadProcessMemory or WriteProcessMemory request was completed. (0x12B)
[0320/134546.228:WARNING:pe_image_reader.cc(340)] could not read dos header from C:\WINDOWS\SYSTEM32\USERENV.dll
[0320/134546.228:ERROR:process_memory_win.cc(73)] ReadMemory at 0x7ffc4d420000 of 64 bytes failed: Only part of a ReadProcessMemory or WriteProcessMemory request was completed. (0x12B)
[0320/134546.228:WARNING:pe_image_reader.cc(340)] could not read dos header from C:\WINDOWS\System32\profapi.dll
[0320/134546.228:ERROR:process_memory_win.cc(73)] ReadMemory at 0x7ffc289d0000 of 64 bytes failed: Only part of a ReadProcessMemory or WriteProcessMemory request was completed. (0x12B)
[0320/134546.228:WARNING:pe_image_reader.cc(340)] could not read dos header from C:\WINDOWS\SYSTEM32\UIAutomationCore.DLL
[0320/134546.229:ERROR:process_memory_win.cc(73)] ReadMemory at 0x7ffc33aa0000 of 64 bytes failed: Only part of a ReadProcessMemory or WriteProcessMemory request was completed. (0x12B)
[0320/134546.229:WARNING:pe_image_reader.cc(340)] could not read dos header from C:\WINDOWS\SYSTEM32\DWrite.dll
[0320/134546.229:ERROR:process_memory_win.cc(73)] ReadMemory at 0x7ffc3b3c0000 of 64 bytes failed: Only part of a ReadProcessMemory or WriteProcessMemory request was completed. (0x12B)
[0320/134546.230:WARNING:pe_image_reader.cc(340)] could not read dos header from C:\WINDOWS\SYSTEM32\WINSPOOL.DRV
[0320/134546.230:ERROR:process_memory_win.cc(73)] ReadMemory at 0x7ffc4d450000 of 64 bytes failed: Only part of a ReadProcessMemory or WriteProcessMemory request was completed. (0x12B)
[0320/134546.230:WARNING:pe_image_reader.cc(340)] could not read dos header from C:\WINDOWS\System32\kernel.appcore.dll
[0320/134546.230:ERROR:process_memory_win.cc(73)] ReadMemory at 0x7ffc4e1f0000 of 64 bytes failed: Only part of a ReadProcessMemory or WriteProcessMemory request was completed. (0x12B)
[0320/134546.230:WARNING:pe_image_reader.cc(340)] could not read dos header from C:\WINDOWS\System32\bcrypt.dll
[0320/134546.230:ERROR:process_memory_win.cc(73)] ReadMemory at 0x7ffc3b880000 of 64 bytes failed: Only part of a ReadProcessMemory or WriteProcessMemory request was completed. (0x12B)
[0320/134546.230:WARNING:pe_image_reader.cc(340)] could not read dos header from C:\WINDOWS\SYSTEM32\dbghelp.dll
[0320/134546.231:ERROR:process_memory_win.cc(73)] ReadMemory at 0x7ffc45ed0000 of 64 bytes failed: Only part of a ReadProcessMemory or WriteProcessMemory request was completed. (0x12B)
[0320/134546.231:WARNING:pe_image_reader.cc(340)] could not read dos header from C:\WINDOWS\SYSTEM32\WINHTTP.dll
[0320/134546.231:ERROR:process_memory_win.cc(73)] ReadMemory at 0x7ffc45bc0000 of 64 bytes failed: Only part of a ReadProcessMemory or WriteProcessMemory request was completed. (0x12B)
[0320/134546.231:WARNING:pe_image_reader.cc(340)] could not read dos header from C:\WINDOWS\SYSTEM32\dhcpcsvc.DLL
[0320/134546.231:ERROR:process_memory_win.cc(73)] ReadMemory at 0x1cba9eb0000 of 64 bytes failed: Only part of a ReadProcessMemory or WriteProcessMemory request was completed. (0x12B)
[0320/134546.231:WARNING:pe_image_reader.cc(340)] could not read dos header from C:\WINDOWS\System32\NSI.dll
[0320/134546.231:ERROR:process_memory_win.cc(73)] ReadMemory at 0x7ffc4b360000 of 64 bytes failed: Only part of a ReadProcessMemory or WriteProcessMemory request was completed. (0x12B)
[0320/134546.232:WARNING:pe_image_reader.cc(340)] could not read dos header from C:\WINDOWS\SYSTEM32\WINMMBASE.dll
[0320/134546.232:ERROR:process_memory_win.cc(73)] ReadMemory at 0x7ffc4e1a0000 of 64 bytes failed: Only part of a ReadProcessMemory or WriteProcessMemory request was completed. (0x12B)
[0320/134546.232:WARNING:pe_image_reader.cc(340)] could not read dos header from C:\WINDOWS\System32\cfgmgr32.dll
[0320/134546.232:ERROR:process_memory_win.cc(73)] ReadMemory at 0x7ffc4b000000 of 64 bytes failed: Only part of a ReadProcessMemory or WriteProcessMemory request was completed. (0x12B)
[0320/134546.232:WARNING:pe_image_reader.cc(340)] could not read dos header from C:\WINDOWS\SYSTEM32\PROPSYS.dll
[0320/134546.232:ERROR:process_memory_win.cc(73)] ReadMemory at 0x7ffc4ecc0000 of 64 bytes failed: Only part of a ReadProcessMemory or WriteProcessMemory request was completed. (0x12B)
[0320/134546.232:WARNING:pe_image_reader.cc(340)] could not read dos header from C:\WINDOWS\System32\shcore.dll
[0320/134546.232:ERROR:process_memory_win.cc(73)] ReadMemory at 0x7ffc4d290000 of 64 bytes failed: Only part of a ReadProcessMemory or WriteProcessMemory request was completed. (0x12B)
[0320/134546.233:WARNING:pe_image_reader.cc(340)] could not read dos header from C:\WINDOWS\SYSTEM32\SSPICLI.DLL
[0320/134546.233:ERROR:process_memory_win.cc(73)] ReadMemory at 0x7ffc4cde0000 of 64 bytes failed: Only part of a ReadProcessMemory or WriteProcessMemory request was completed. (0x12B)
[0320/134546.233:WARNING:pe_image_reader.cc(340)] could not read dos header from C:\WINDOWS\SYSTEM32\CRYPTBASE.DLL
[0320/134546.233:ERROR:process_memory_win.cc(73)] ReadMemory at 0x7ff7e14f0000 of 64 bytes failed: Only part of a ReadProcessMemory or WriteProcessMemory request was completed. (0x12B)
[0320/134546.233:WARNING:pe_image_reader.cc(340)] could not read dos header from C:\Program Files (x86)\Google\Chrome\Application\chrome.exe
[0320/134546.233:ERROR:process_memory_win.cc(73)] ReadMemory at 0x7ffc50480000 of 64 bytes failed: Only part of a ReadProcessMemory or WriteProcessMemory request was completed. (0x12B)
[0320/134546.233:WARNING:pe_image_reader.cc(340)] could not read dos header from C:\WINDOWS\SYSTEM32\ntdll.dll
[0320/134546.234:ERROR:process_memory_win.cc(73)] ReadMemory at 0x7ffc50210000 of 64 bytes failed: Only part of a ReadProcessMemory or WriteProcessMemory request was completed. (0x12B)
[0320/134546.234:WARNING:pe_image_reader.cc(340)] could not read dos header from C:\WINDOWS\System32\KERNEL32.DLL
[0320/134546.234:ERROR:process_memory_win.cc(73)] ReadMemory at 0x7ffc4de90000 of 64 bytes failed: Only part of a ReadProcessMemory or WriteProcessMemory request was completed. (0x12B)
[0320/134546.234:WARNING:pe_image_reader.cc(340)] could not read dos header from C:\WINDOWS\System32\KERNELBASE.dll
[0320/134546.234:ERROR:process_memory_win.cc(73)] ReadMemory at 0x7ffc4b170000 of 64 bytes failed: Only part of a ReadProcessMemory or WriteProcessMemory request was completed. (0x12B)
[0320/134546.234:WARNING:pe_image_reader.cc(340)] could not read dos header from C:\WINDOWS\SYSTEM32\apphelp.dll
[0320/134546.234:ERROR:process_memory_win.cc(73)] ReadMemory at 0x7ffc33040000 of 64 bytes failed: Only part of a ReadProcessMemory or WriteProcessMemory request was completed. (0x12B)
[0320/134546.234:WARNING:pe_image_reader.cc(340)] could not read dos header from C:\Program Files (x86)\Google\Chrome\Application\80.0.3987.149\chrome_elf.dll
[0320/134546.235:ERROR:process_memory_win.cc(73)] ReadMemory at 0x7ffc415f0000 of 64 bytes failed: Only part of a ReadProcessMemory or WriteProcessMemory request was completed. (0x12B)
[0320/134546.235:WARNING:pe_image_reader.cc(340)] could not read dos header from C:\WINDOWS\SYSTEM32\VERSION.dll
[0320/134546.235:ERROR:process_memory_win.cc(73)] ReadMemory at 0x7ffc4f7e0000 of 64 bytes failed: Only part of a ReadProcessMemory or WriteProcessMemory request was completed. (0x12B)
[0320/134546.235:WARNING:pe_image_reader.cc(340)] could not read dos header from C:\WINDOWS\System32\msvcrt.dll
[0320/134546.235:ERROR:process_memory_win.cc(73)] ReadMemory at 0x7ffc4e310000 of 64 bytes failed: Only part of a ReadProcessMemory or WriteProcessMemory request was completed. (0x12B)
[0320/134546.235:WARNING:pe_image_reader.cc(340)] could not read dos header from C:\WINDOWS\System32\bcryptPrimitives.dll
[0320/134546.235:ERROR:process_memory_win.cc(73)] ReadMemory at 0x7ffc4ec10000 of 64 bytes failed: Only part of a ReadProcessMemory or WriteProcessMemory request was completed. (0x12B)
[0320/134546.236:WARNING:pe_image_reader.cc(340)] could not read dos header from C:\WINDOWS\System32\ADVAPI32.dll
[0320/134546.236:ERROR:process_memory_win.cc(73)] ReadMemory at 0x7ffc4eb70000 of 64 bytes failed: Only part of a ReadProcessMemory or WriteProcessMemory request was completed. (0x12B)
[0320/134546.236:WARNING:pe_image_reader.cc(340)] could not read dos header from C:\WINDOWS\System32\sechost.dll
[0320/134546.236:ERROR:process_memory_win.cc(73)] ReadMemory at 0x7ffc4ea50000 of 64 bytes failed: Only part of a ReadProcessMemory or WriteProcessMemory request was completed. (0x12B)
[0320/134546.236:WARNING:pe_image_reader.cc(340)] could not read dos header from C:\WINDOWS\System32\RPCRT4.dll
[0320/134546.236:ERROR:process_memory_win.cc(73)] ReadMemory at 0x7ffbf3130000 of 64 bytes failed: Only part of a ReadProcessMemory or WriteProcessMemory request was completed. (0x12B)
[0320/134546.237:WARNING:pe_image_reader.cc(340)] could not read dos header from C:\Program Files (x86)\Google\Chrome\Application\80.0.3987.149\chrome.dll
[0320/134546.237:ERROR:process_memory_win.cc(73)] ReadMemory at 0x7ffc4f880000 of 64 bytes failed: Only part of a ReadProcessMemory or WriteProcessMemory request was completed. (0x12B)
[0320/134546.237:WARNING:pe_image_reader.cc(340)] could not read dos header from C:\WINDOWS\System32\WS2_32.dll
[0320/134546.237:ERROR:process_memory_win.cc(73)] ReadMemory at 0x7ffc4e730000 of 64 bytes failed: Only part of a ReadProcessMemory or WriteProcessMemory request was completed. (0x12B)
[0320/134546.237:WARNING:pe_image_reader.cc(340)] could not read dos header from C:\WINDOWS\System32\OLEAUT32.dll
[0320/134546.238:ERROR:process_memory_win.cc(73)] ReadMemory at 0x7ffc4e220000 of 64 bytes failed: Only part of a ReadProcessMemory or WriteProcessMemory request was completed. (0x12B)
[0320/134546.238:WARNING:pe_image_reader.cc(340)] could not read dos header from C:\WINDOWS\System32\msvcp_win.dll
[0320/134546.238:ERROR:process_memory_win.cc(73)] ReadMemory at 0x7ffc4d470000 of 64 bytes failed: Only part of a ReadProcessMemory or WriteProcessMemory request was completed. (0x12B)
[0320/134546.238:WARNING:pe_image_reader.cc(340)] could not read dos header from C:\WINDOWS\System32\ucrtbase.dll
[0320/134546.238:ERROR:process_memory_win.cc(73)] ReadMemory at 0x7ffc4f4a0000 of 64 bytes failed: Only part of a ReadProcessMemory or WriteProcessMemory request was completed. (0x12B)
[0320/134546.238:WARNING:pe_image_reader.cc(340)] could not read dos header from C:\WINDOWS\System32\combase.dll
[0320/134546.238:ERROR:process_memory_win.cc(73)] ReadMemory at 0x7ffc4e140000 of 64 bytes failed: Only part of a ReadProcessMemory or WriteProcessMemory request was completed. (0x12B)
[0320/134546.238:WARNING:pe_image_reader.cc(340)] could not read dos header from C:\WINDOWS\System32\WINTRUST.dll
[0320/134546.239:ERROR:process_memory_win.cc(73)] ReadMemory at 0x7ffc4d3b0000 of 64 bytes failed: Only part of a ReadProcessMemory or WriteProcessMemory request was completed. (0x12B)
[0320/134546.239:WARNING:pe_image_reader.cc(340)] could not read dos header from C:\WINDOWS\System32\MSASN1.dll
[0320/134546.239:ERROR:process_memory_win.cc(73)] ReadMemory at 0x7ffc4e390000 of 64 bytes failed: Only part of a ReadProcessMemory or WriteProcessMemory request was completed. (0x12B)
[0320/134546.239:WARNING:pe_image_reader.cc(340)] could not read dos header from C:\WINDOWS\System32\CRYPT32.dll
[0320/134546.239:ERROR:process_memory_win.cc(73)] ReadMemory at 0x7ffc4c920000 of 64 bytes failed: Only part of a ReadProcessMemory or WriteProcessMemory request was completed. (0x12B)
[0320/134546.239:WARNING:pe_image_reader.cc(340)] could not read dos header from C:\WINDOWS\SYSTEM32\IPHLPAPI.DLL
[0320/134546.240:ERROR:process_memory_win.cc(73)] ReadMemory at 0x7ffc4b390000 of 64 bytes failed: Only part of a ReadProcessMemory or WriteProcessMemory request was completed. (0x12B)
[0320/134546.240:WARNING:pe_image_reader.cc(340)] could not read dos header from C:\WINDOWS\SYSTEM32\WINMM.dll
[0320/134546.240:ERROR:process_memory_win.cc(73)] ReadMemory at 0x7ffc3cbf0000 of 64 bytes failed: Only part of a ReadProcessMemory or WriteProcessMemory request was completed. (0x12B)
[0320/134546.240:WARNING:pe_image_reader.cc(340)] could not read dos header from C:\WINDOWS\SYSTEM32\Secur32.dll
[0320/134546.240:ERROR:process_memory_win.cc(73)] ReadMemory at 0x7ffc4d2c0000 of 64 bytes failed: Only part of a ReadProcessMemory or WriteProcessMemory request was completed. (0x12B)
[0320/134546.241:WARNING:pe_image_reader.cc(340)] could not read dos header from C:\WINDOWS\SYSTEM32\USERENV.dll
[0320/134546.241:ERROR:process_memory_win.cc(73)] ReadMemory at 0x7ffc4d420000 of 64 bytes failed: Only part of a ReadProcessMemory or WriteProcessMemory request was completed. (0x12B)
[0320/134546.241:WARNING:pe_image_reader.cc(340)] could not read dos header from C:\WINDOWS\System32\profapi.dll
[0320/134546.241:ERROR:process_memory_win.cc(73)] ReadMemory at 0x7ffc289d0000 of 64 bytes failed: Only part of a ReadProcessMemory or WriteProcessMemory request was completed. (0x12B)
[0320/134546.241:WARNING:pe_image_reader.cc(340)] could not read dos header from C:\WINDOWS\SYSTEM32\UIAutomationCore.DLL
[0320/134546.241:ERROR:process_memory_win.cc(73)] ReadMemory at 0x7ffc33aa0000 of 64 bytes failed: Only part of a ReadProcessMemory or WriteProcessMemory request was completed. (0x12B)
[0320/134546.241:WARNING:pe_image_reader.cc(340)] could not read dos header from C:\WINDOWS\SYSTEM32\DWrite.dll
[0320/134546.242:ERROR:process_memory_win.cc(73)] ReadMemory at 0x7ffc3b3c0000 of 64 bytes failed: Only part of a ReadProcessMemory or WriteProcessMemory request was completed. (0x12B)
[0320/134546.242:WARNING:pe_image_reader.cc(340)] could not read dos header from C:\WINDOWS\SYSTEM32\WINSPOOL.DRV
[0320/134546.242:ERROR:process_memory_win.cc(73)] ReadMemory at 0x7ffc4d450000 of 64 bytes failed: Only part of a ReadProcessMemory or WriteProcessMemory request was completed. (0x12B)
[0320/134546.242:WARNING:pe_image_reader.cc(340)] could not read dos header from C:\WINDOWS\System32\kernel.appcore.dll
[0320/134546.242:ERROR:process_memory_win.cc(73)] ReadMemory at 0x7ffc4e1f0000 of 64 bytes failed: Only part of a ReadProcessMemory or WriteProcessMemory request was completed. (0x12B)
[0320/134546.242:WARNING:pe_image_reader.cc(340)] could not read dos header from C:\WINDOWS\System32\bcrypt.dll
[0320/134546.242:ERROR:process_memory_win.cc(73)] ReadMemory at 0x7ffc3b880000 of 64 bytes failed: Only part of a ReadProcessMemory or WriteProcessMemory request was completed. (0x12B)
[0320/134546.242:WARNING:pe_image_reader.cc(340)] could not read dos header from C:\WINDOWS\SYSTEM32\dbghelp.dll
[0320/134546.243:ERROR:process_memory_win.cc(73)] ReadMemory at 0x7ffc45ed0000 of 64 bytes failed: Only part of a ReadProcessMemory or WriteProcessMemory request was completed. (0x12B)
[0320/134546.243:WARNING:pe_image_reader.cc(340)] could not read dos header from C:\WINDOWS\SYSTEM32\WINHTTP.dll
[0320/134546.243:ERROR:process_memory_win.cc(73)] ReadMemory at 0x7ffc45bc0000 of 64 bytes failed: Only part of a ReadProcessMemory or WriteProcessMemory request was completed. (0x12B)
[0320/134546.243:WARNING:pe_image_reader.cc(340)] could not read dos header from C:\WINDOWS\SYSTEM32\dhcpcsvc.DLL
[0320/134546.243:ERROR:process_memory_win.cc(73)] ReadMemory at 0x1cba9eb0000 of 64 bytes failed: Only part of a ReadProcessMemory or WriteProcessMemory request was completed. (0x12B)
[0320/134546.243:WARNING:pe_image_reader.cc(340)] could not read dos header from C:\WINDOWS\System32\NSI.dll
[0320/134546.243:ERROR:process_memory_win.cc(73)] ReadMemory at 0x7ffc4b360000 of 64 bytes failed: Only part of a ReadProcessMemory or WriteProcessMemory request was completed. (0x12B)
[0320/134546.243:WARNING:pe_image_reader.cc(340)] could not read dos header from C:\WINDOWS\SYSTEM32\WINMMBASE.dll
[0320/134546.244:ERROR:process_memory_win.cc(73)] ReadMemory at 0x7ffc4e1a0000 of 64 bytes failed: Only part of a ReadProcessMemory or WriteProcessMemory request was completed. (0x12B)
[0320/134546.244:WARNING:pe_image_reader.cc(340)] could not read dos header from C:\WINDOWS\System32\cfgmgr32.dll
[0320/134546.244:ERROR:process_memory_win.cc(73)] ReadMemory at 0x7ffc4b000000 of 64 bytes failed: Only part of a ReadProcessMemory or WriteProcessMemory request was completed. (0x12B)
[0320/134546.244:WARNING:pe_image_reader.cc(340)] could not read dos header from C:\WINDOWS\SYSTEM32\PROPSYS.dll
[0320/134546.244:ERROR:process_memory_win.cc(73)] ReadMemory at 0x7ffc4ecc0000 of 64 bytes failed: Only part of a ReadProcessMemory or WriteProcessMemory request was completed. (0x12B)
[0320/134546.244:WARNING:pe_image_reader.cc(340)] could not read dos header from C:\WINDOWS\System32\shcore.dll
[0320/134546.244:ERROR:process_memory_win.cc(73)] ReadMemory at 0x7ffc4d290000 of 64 bytes failed: Only part of a ReadProcessMemory or WriteProcessMemory request was completed. (0x12B)
[0320/134546.245:WARNING:pe_image_reader.cc(340)] could not read dos header from C:\WINDOWS\SYSTEM32\SSPICLI.DLL
[0320/134546.245:ERROR:process_memory_win.cc(73)] ReadMemory at 0x7ffc4cde0000 of 64 bytes failed: Only part of a ReadProcessMemory or WriteProcessMemory request was completed. (0x12B)
[0320/134546.245:WARNING:pe_image_reader.cc(340)] could not read dos header from C:\WINDOWS\SYSTEM32\CRYPTBASE.DLL
[0320/134546.328:ERROR:process_memory_win.cc(73)] ReadMemory at 0x26e5e1000 of 126976 bytes failed: Only part of a ReadProcessMemory or WriteProcessMemory request was completed. (0x12B)
[0320/134546.368:ERROR:process_memory_win.cc(73)] ReadMemory at 0x26edfd000 of 12288 bytes failed: Only part of a ReadProcessMemory or WriteProcessMemory request was completed. (0x12B)
[0320/134546.369:ERROR:process_memory_win.cc(73)] ReadMemory at 0x26fdfc000 of 16384 bytes failed: Only part of a ReadProcessMemory or WriteProcessMemory request was completed. (0x12B)
[0320/134546.369:ERROR:process_memory_win.cc(73)] ReadMemory at 0x2705fc000 of 16384 bytes failed: Only part of a ReadProcessMemory or WriteProcessMemory request was completed. (0x12B)
[0320/134546.370:ERROR:process_memory_win.cc(73)] ReadMemory at 0x270dff000 of 4096 bytes failed: Only part of a ReadProcessMemory or WriteProcessMemory request was completed. (0x12B)
[0320/134546.370:ERROR:process_memory_win.cc(73)] ReadMemory at 0x2715fd000 of 12288 bytes failed: Only part of a ReadProcessMemory or WriteProcessMemory request was completed. (0x12B)
[0320/134546.370:ERROR:process_memory_win.cc(73)] ReadMemory at 0x271dfb000 of 20480 bytes failed: Only part of a ReadProcessMemory or WriteProcessMemory request was completed. (0x12B)
[0320/134546.371:ERROR:process_memory_win.cc(73)] ReadMemory at 0x272dfc000 of 16384 bytes failed: Only part of a ReadProcessMemory or WriteProcessMemory request was completed. (0x12B)
[0320/134546.371:ERROR:process_memory_win.cc(73)] ReadMemory at 0x2735f5000 of 45056 bytes failed: Only part of a ReadProcessMemory or WriteProcessMemory request was completed. (0x12B)
[0320/134546.371:ERROR:process_memory_win.cc(73)] ReadMemory at 0x273df3000 of 53248 bytes failed: Only part of a ReadProcessMemory or WriteProcessMemory request was completed. (0x12B)
[0320/134546.372:ERROR:process_memory_win.cc(73)] ReadMemory at 0x2745fd000 of 12288 bytes failed: Only part of a ReadProcessMemory or WriteProcessMemory request was completed. (0x12B)
[0320/134546.372:ERROR:process_memory_win.cc(73)] ReadMemory at 0x2725fd000 of 12288 bytes failed: Only part of a ReadProcessMemory or WriteProcessMemory request was completed. (0x12B)
[0320/134546.372:ERROR:process_memory_win.cc(73)] ReadMemory at 0x2765fb000 of 20480 bytes failed: Only part of a ReadProcessMemory or WriteProcessMemory request was completed. (0x12B)
[0320/134546.373:ERROR:process_memory_win.cc(73)] ReadMemory at 0x26f5fd000 of 12288 bytes failed: Only part of a ReadProcessMemory or WriteProcessMemory request was completed. (0x12B)
[0320/134546.373:ERROR:process_memory_win.cc(73)] ReadMemory at 0x274dff000 of 4096 bytes failed: Only part of a ReadProcessMemory or WriteProcessMemory request was completed. (0x12B)
[0320/134546.506:ERROR:process_memory_win.cc(73)] ReadMemory at 0x26dc98000 of 852 bytes failed: Only part of a ReadProcessMemory or WriteProcessMemory request was completed. (0x12B)
[0320/134546.508:ERROR:process_memory_win.cc(73)] ReadMemory at 0x26dc99000 of 6024 bytes failed: Only part of a ReadProcessMemory or WriteProcessMemory request was completed. (0x12B)
[0320/134546.508:ERROR:process_memory_win.cc(73)] ReadMemory at 0x26dc9b000 of 6024 bytes failed: Only part of a ReadProcessMemory or WriteProcessMemory request was completed. (0x12B)
[0320/134546.509:ERROR:process_memory_win.cc(73)] ReadMemory at 0x26dc9f000 of 6024 bytes failed: Only part of a ReadProcessMemory or WriteProcessMemory request was completed. (0x12B)
[0320/134546.509:ERROR:process_memory_win.cc(73)] ReadMemory at 0x26dca1000 of 6024 bytes failed: Only part of a ReadProcessMemory or WriteProcessMemory request was completed. (0x12B)
[0320/134546.510:ERROR:process_memory_win.cc(73)] ReadMemory at 0x26dca3000 of 6024 bytes failed: Only part of a ReadProcessMemory or WriteProcessMemory request was completed. (0x12B)
[0320/134546.510:ERROR:process_memory_win.cc(73)] ReadMemory at 0x26dca5000 of 6024 bytes failed: Only part of a ReadProcessMemory or WriteProcessMemory request was completed. (0x12B)
[0320/134546.511:ERROR:process_memory_win.cc(73)] ReadMemory at 0x26dca7000 of 6024 bytes failed: Only part of a ReadProcessMemory or WriteProcessMemory request was completed. (0x12B)
[0320/134546.511:ERROR:process_memory_win.cc(73)] ReadMemory at 0x26dcab000 of 6024 bytes failed: Only part of a ReadProcessMemory or WriteProcessMemory request was completed. (0x12B)
[0320/134546.511:ERROR:process_memory_win.cc(73)] ReadMemory at 0x26dcad000 of 6024 bytes failed: Only part of a ReadProcessMemory or WriteProcessMemory request was completed. (0x12B)
[0320/134546.511:ERROR:process_memory_win.cc(73)] ReadMemory at 0x26dcaf000 of 6024 bytes failed: Only part of a ReadProcessMemory or WriteProcessMemory request was completed. (0x12B)
[0320/134546.512:ERROR:process_memory_win.cc(73)] ReadMemory at 0x26dcb1000 of 6024 bytes failed: Only part of a ReadProcessMemory or WriteProcessMemory request was completed. (0x12B)
[0320/134546.512:ERROR:process_memory_win.cc(73)] ReadMemory at 0x26dcb9000 of 6024 bytes failed: Only part of a ReadProcessMemory or WriteProcessMemory request was completed. (0x12B)
[0320/134546.512:ERROR:process_memory_win.cc(73)] ReadMemory at 0x26dcc5000 of 6024 bytes failed: Only part of a ReadProcessMemory or WriteProcessMemory request was completed. (0x12B)
[0320/134546.513:ERROR:process_memory_win.cc(73)] ReadMemory at 0x26dd5f000 of 6024 bytes failed: Only part of a ReadProcessMemory or WriteProcessMemory request was completed. (0x12B)
[0320/134546.513:ERROR:process_memory_win.cc(73)] ReadMemory at 0x26dd75000 of 6024 bytes failed: Only part of a ReadProcessMemory or WriteProcessMemory request was completed. (0x12B)
[0320/134546.513:ERROR:process_memory_win.cc(73)] ReadMemory at 0x1cba9cb0fe0 of 14316 bytes failed: Only part of a ReadProcessMemory or WriteProcessMemory request was completed. (0x12B)
[0320/134546.514:ERROR:process_memory_win.cc(73)] ReadMemory at 0x1cba9cb47e0 of 1012 bytes failed: Only part of a ReadProcessMemory or WriteProcessMemory request was completed. (0x12B)
[0320/134546.514:ERROR:process_memory_win.cc(73)] ReadMemory at 0x1cba9cb4e28 of 118 bytes failed: Only part of a ReadProcessMemory or WriteProcessMemory request was completed. (0x12B)
[0320/134546.515:ERROR:process_memory_win.cc(73)] ReadMemory at 0x1cba9cb4ea0 of 756 bytes failed: Only part of a ReadProcessMemory or WriteProcessMemory request was completed. (0x12B)
[0320/134546.515:ERROR:process_memory_win.cc(73)] ReadMemory at 0x1cba9cb5196 of 118 bytes failed: Only part of a ReadProcessMemory or WriteProcessMemory request was completed. (0x12B)
[0320/134546.516:ERROR:process_memory_win.cc(73)] ReadMemory at 0x1cba9cb520e of 100 bytes failed: Only part of a ReadProcessMemory or WriteProcessMemory request was completed. (0x12B)
[0320/134546.517:ERROR:process_memory_win.cc(73)] ReadMemory at 0x1cba9cb5280 of 58 bytes failed: Only part of a ReadProcessMemory or WriteProcessMemory request was completed. (0x12B)
[0320/134546.517:ERROR:process_memory_win.cc(73)] ReadMemory at 0x1cba9cb5380 of 132 bytes failed: Only part of a ReadProcessMemory or WriteProcessMemory request was completed. (0x12B)
[0320/134546.517:ERROR:process_memory_win.cc(73)] ReadMemory at 0x1cba9cb5510 of 132 bytes failed: Only part of a ReadProcessMemory or WriteProcessMemory request was completed. (0x12B)
[0320/134546.518:ERROR:process_memory_win.cc(73)] ReadMemory at 0x1cba9cb56d0 of 126 bytes failed: Only part of a ReadProcessMemory or WriteProcessMemory request was completed. (0x12B)
[0320/134546.518:ERROR:process_memory_win.cc(73)] ReadMemory at 0x1cba9cb5ab0 of 132 bytes failed: Only part of a ReadProcessMemory or WriteProcessMemory request was completed. (0x12B)
[0320/134546.518:ERROR:process_memory_win.cc(73)] ReadMemory at 0x1cba9cb5c40 of 64 bytes failed: Only part of a ReadProcessMemory or WriteProcessMemory request was completed. (0x12B)
[0320/134546.518:ERROR:process_memory_win.cc(73)] ReadMemory at 0x1cba9cb5da0 of 132 bytes failed: Only part of a ReadProcessMemory or WriteProcessMemory request was completed. (0x12B)
[0320/134546.644:ERROR:process_memory_win.cc(73)] ReadMemory at 0x1cba9cb5f30 of 62 bytes failed: Only part of a ReadProcessMemory or WriteProcessMemory request was completed. (0x12B)
[0320/134546.644:ERROR:process_memory_win.cc(73)] ReadMemory at 0x1cba9cb60a0 of 132 bytes failed: Only part of a ReadProcessMemory or WriteProcessMemory request was completed. (0x12B)
[0320/134546.645:ERROR:process_memory_win.cc(73)] ReadMemory at 0x1cba9cb6230 of 68 bytes failed: Only part of a ReadProcessMemory or WriteProcessMemory request was completed. (0x12B)
[0320/134546.645:ERROR:process_memory_win.cc(73)] ReadMemory at 0x1cba9cc2c40 of 132 bytes failed: Only part of a ReadProcessMemory or WriteProcessMemory request was completed. (0x12B)
[0320/134546.645:ERROR:process_memory_win.cc(73)] ReadMemory at 0x1cba9cc2db0 of 132 bytes failed: Only part of a ReadProcessMemory or WriteProcessMemory request was completed. (0x12B)
[0320/134546.646:ERROR:process_memory_win.cc(73)] ReadMemory at 0x1cba9cc2ee0 of 146 bytes failed: Only part of a ReadProcessMemory or WriteProcessMemory request was completed. (0x12B)
[0320/134546.646:ERROR:process_memory_win.cc(73)] ReadMemory at 0x1cba9cc2fc0 of 132 bytes failed: Only part of a ReadProcessMemory or WriteProcessMemory request was completed. (0x12B)
[0320/134546.646:ERROR:process_memory_win.cc(73)] ReadMemory at 0x1cba9cc3150 of 154 bytes failed: Only part of a ReadProcessMemory or WriteProcessMemory request was completed. (0x12B)
[0320/134546.647:ERROR:process_memory_win.cc(73)] ReadMemory at 0x1cba9cc3780 of 132 bytes failed: Only part of a ReadProcessMemory or WriteProcessMemory request was completed. (0x12B)
[0320/134546.647:ERROR:process_memory_win.cc(73)] ReadMemory at 0x1cba9cc3940 of 132 bytes failed: Only part of a ReadProcessMemory or WriteProcessMemory request was completed. (0x12B)
[0320/134546.647:ERROR:process_memory_win.cc(73)] ReadMemory at 0x1cba9cc3ad0 of 60 bytes failed: Only part of a ReadProcessMemory or WriteProcessMemory request was completed. (0x12B)
[0320/134546.647:ERROR:process_memory_win.cc(73)] ReadMemory at 0x1cba9cc4f80 of 62 bytes failed: Only part of a ReadProcessMemory or WriteProcessMemory request was completed. (0x12B)
[0320/134546.648:ERROR:process_memory_win.cc(73)] ReadMemory at 0x1cba9cc5020 of 60 bytes failed: Only part of a ReadProcessMemory or WriteProcessMemory request was completed. (0x12B)
[0320/134546.648:ERROR:process_memory_win.cc(73)] ReadMemory at 0x1cba9cc51b0 of 64 bytes failed: Only part of a ReadProcessMemory or WriteProcessMemory request was completed. (0x12B)
[0320/134546.648:ERROR:process_memory_win.cc(73)] ReadMemory at 0x1cba9cc5200 of 66 bytes failed: Only part of a ReadProcessMemory or WriteProcessMemory request was completed. (0x12B)
[0320/134546.649:ERROR:process_memory_win.cc(73)] ReadMemory at 0x1cba9cc5340 of 64 bytes failed: Only part of a ReadProcessMemory or WriteProcessMemory request was completed. (0x12B)
[0320/134546.649:ERROR:process_memory_win.cc(73)] ReadMemory at 0x1cba9cc53e0 of 62 bytes failed: Only part of a ReadProcessMemory or WriteProcessMemory request was completed. (0x12B)
[0320/134546.649:ERROR:process_memory_win.cc(73)] ReadMemory at 0x1cba9cc5430 of 64 bytes failed: Only part of a ReadProcessMemory or WriteProcessMemory request was completed. (0x12B)
[0320/134546.650:ERROR:process_memory_win.cc(73)] ReadMemory at 0x1cba9cc54d0 of 60 bytes failed: Only part of a ReadProcessMemory or WriteProcessMemory request was completed. (0x12B)
[0320/134546.650:ERROR:process_memory_win.cc(73)] ReadMemory at 0x1cba9cc5520 of 62 bytes failed: Only part of a ReadProcessMemory or WriteProcessMemory request was completed. (0x12B)
[0320/134546.650:ERROR:process_memory_win.cc(73)] ReadMemory at 0x1cba9cc56b0 of 64 bytes failed: Only part of a ReadProcessMemory or WriteProcessMemory request was completed. (0x12B)
[0320/134546.651:ERROR:process_memory_win.cc(73)] ReadMemory at 0x1cba9cc57e0 of 132 bytes failed: Only part of a ReadProcessMemory or WriteProcessMemory request was completed. (0x12B)
[0320/134546.651:ERROR:process_memory_win.cc(73)] ReadMemory at 0x1cba9cc5a00 of 132 bytes failed: Only part of a ReadProcessMemory or WriteProcessMemory request was completed. (0x12B)
[0320/134546.651:ERROR:process_memory_win.cc(73)] ReadMemory at 0x1cba9cc5d60 of 132 bytes failed: Only part of a ReadProcessMemory or WriteProcessMemory request was completed. (0x12B)
[0320/134546.651:ERROR:process_memory_win.cc(73)] ReadMemory at 0x1cba9cc70f0 of 132 bytes failed: Only part of a ReadProcessMemory or WriteProcessMemory request was completed. (0x12B)
[0320/134546.652:ERROR:process_memory_win.cc(73)] ReadMemory at 0x1cba9cc7810 of 80 bytes failed: Only part of a ReadProcessMemory or WriteProcessMemory request was completed. (0x12B)
[0320/134546.652:ERROR:process_memory_win.cc(73)] ReadMemory at 0x1cba9cc7a80 of 64 bytes failed: Only part of a ReadProcessMemory or WriteProcessMemory request was completed. (0x12B)
[0320/134546.652:ERROR:process_memory_win.cc(73)] ReadMemory at 0x1cba9cc7ad0 of 62 bytes failed: Only part of a ReadProcessMemory or WriteProcessMemory request was completed. (0x12B)
[0320/134546.653:ERROR:process_memory_win.cc(73)] ReadMemory at 0x1cba9cc7b70 of 64 bytes failed: Only part of a ReadProcessMemory or WriteProcessMemory request was completed. (0x12B)
[0320/134546.653:ERROR:process_memory_win.cc(73)] ReadMemory at 0x1cba9cc7bc0 of 62 bytes failed: Only part of a ReadProcessMemory or WriteProcessMemory request was completed. (0x12B)
[0320/134546.654:ERROR:process_memory_win.cc(73)] ReadMemory at 0x1cba9cc7c10 of 64 bytes failed: Only part of a ReadProcessMemory or WriteProcessMemory request was completed. (0x12B)
[0320/134546.654:ERROR:process_memory_win.cc(73)] ReadMemory at 0x1cba9cc7c60 of 66 bytes failed: Only part of a ReadProcessMemory or WriteProcessMemory request was completed. (0x12B)
[0320/134546.655:ERROR:process_memory_win.cc(73)] ReadMemory at 0x1cba9cc7d00 of 60 bytes failed: Only part of a ReadProcessMemory or WriteProcessMemory request was completed. (0x12B)
[0320/134546.655:ERROR:process_memory_win.cc(73)] ReadMemory at 0x1cba9cc7df0 of 60 bytes failed: Only part of a ReadProcessMemory or WriteProcessMemory request was completed. (0x12B)
[0320/134546.655:ERROR:process_memory_win.cc(73)] ReadMemory at 0x1cba9cc7e40 of 60 bytes failed: Only part of a ReadProcessMemory or WriteProcessMemory request was completed. (0x12B)
[0320/134546.656:ERROR:process_memory_win.cc(73)] ReadMemory at 0x1cba9cc80c0 of 62 bytes failed: Only part of a ReadProcessMemory or WriteProcessMemory request was completed. (0x12B)
[0320/134546.656:ERROR:process_memory_win.cc(73)] ReadMemory at 0x1cba9cc8430 of 62 bytes failed: Only part of a ReadProcessMemory or WriteProcessMemory request was completed. (0x12B)
[0320/134546.656:ERROR:process_memory_win.cc(73)] ReadMemory at 0x1cba9cc8520 of 64 bytes failed: Only part of a ReadProcessMemory or WriteProcessMemory request was completed. (0x12B)
[0320/134546.657:ERROR:process_memory_win.cc(73)] ReadMemory at 0x1cba9cc8660 of 62 bytes failed: Only part of a ReadProcessMemory or WriteProcessMemory request was completed. (0x12B)
[0320/134546.768:ERROR:process_memory_win.cc(73)] ReadMemory at 0x1cba9cc86b0 of 58 bytes failed: Only part of a ReadProcessMemory or WriteProcessMemory request was completed. (0x12B)
[0320/134546.768:ERROR:process_memory_win.cc(73)] ReadMemory at 0x1cba9cc8700 of 62 bytes failed: Only part of a ReadProcessMemory or WriteProcessMemory request was completed. (0x12B)
[0320/134546.768:ERROR:process_memory_win.cc(73)] ReadMemory at 0x1cba9cc8750 of 62 bytes failed: Only part of a ReadProcessMemory or WriteProcessMemory request was completed. (0x12B)
[0320/134546.769:ERROR:process_memory_win.cc(73)] ReadMemory at 0x1cba9cc87a0 of 60 bytes failed: Only part of a ReadProcessMemory or WriteProcessMemory request was completed. (0x12B)
[0320/134546.769:ERROR:process_memory_win.cc(73)] ReadMemory at 0x1cba9cc8890 of 62 bytes failed: Only part of a ReadProcessMemory or WriteProcessMemory request was completed. (0x12B)
[0320/134546.769:ERROR:process_memory_win.cc(73)] ReadMemory at 0x1cba9ccbee0 of 132 bytes failed: Only part of a ReadProcessMemory or WriteProcessMemory request was completed. (0x12B)
[0320/134546.770:ERROR:process_memory_win.cc(73)] ReadMemory at 0x1cba9ccc010 of 132 bytes failed: Only part of a ReadProcessMemory or WriteProcessMemory request was completed. (0x12B)
[0320/134546.770:ERROR:process_memory_win.cc(73)] ReadMemory at 0x1cba9ccc140 of 132 bytes failed: Only part of a ReadProcessMemory or WriteProcessMemory request was completed. (0x12B)
[0320/134546.770:ERROR:process_memory_win.cc(73)] ReadMemory at 0x1cba9ccc270 of 132 bytes failed: Only part of a ReadProcessMemory or WriteProcessMemory request was completed. (0x12B)
[0320/134546.771:ERROR:process_memory_win.cc(73)] ReadMemory at 0x1cba9ccc3a0 of 132 bytes failed: Only part of a ReadProcessMemory or WriteProcessMemory request was completed. (0x12B)
[0320/134546.771:ERROR:process_memory_win.cc(73)] ReadMemory at 0x1cba9ccc4d0 of 132 bytes failed: Only part of a ReadProcessMemory or WriteProcessMemory request was completed. (0x12B)
[0320/134546.771:ERROR:process_memory_win.cc(73)] ReadMemory at 0x1cba9ccc600 of 132 bytes failed: Only part of a ReadProcessMemory or WriteProcessMemory request was completed. (0x12B)
[0320/134546.772:ERROR:process_memory_win.cc(73)] ReadMemory at 0x1cba9ccc860 of 132 bytes failed: Only part of a ReadProcessMemory or WriteProcessMemory request was completed. (0x12B)
[0320/134546.772:ERROR:process_memory_win.cc(73)] ReadMemory at 0x1cba9ccc990 of 132 bytes failed: Only part of a ReadProcessMemory or WriteProcessMemory request was completed. (0x12B)
[0320/134546.772:ERROR:process_memory_win.cc(73)] ReadMemory at 0x1cba9cccac0 of 132 bytes failed: Only part of a ReadProcessMemory or WriteProcessMemory request was completed. (0x12B)
[0320/134546.772:ERROR:process_memory_win.cc(73)] ReadMemory at 0x1cba9cccbf0 of 132 bytes failed: Only part of a ReadProcessMemory or WriteProcessMemory request was completed. (0x12B)
[0320/134546.773:ERROR:process_memory_win.cc(73)] ReadMemory at 0x1cba9cccd20 of 132 bytes failed: Only part of a ReadProcessMemory or WriteProcessMemory request was completed. (0x12B)
[0320/134546.773:ERROR:process_memory_win.cc(73)] ReadMemory at 0x1cba9ccdeb0 of 132 bytes failed: Only part of a ReadProcessMemory or WriteProcessMemory request was completed. (0x12B)
[0320/134546.774:ERROR:process_memory_win.cc(73)] ReadMemory at 0x1cba9cce060 of 132 bytes failed: Only part of a ReadProcessMemory or WriteProcessMemory request was completed. (0x12B)
[0320/134546.774:ERROR:process_memory_win.cc(73)] ReadMemory at 0x1cba9ccec30 of 76 bytes failed: Only part of a ReadProcessMemory or WriteProcessMemory request was completed. (0x12B)
[0320/134546.774:ERROR:process_memory_win.cc(73)] ReadMemory at 0x1cba9ccf290 of 80 bytes failed: Only part of a ReadProcessMemory or WriteProcessMemory request was completed. (0x12B)
[0320/134546.774:ERROR:process_memory_win.cc(73)] ReadMemory at 0x1cba9cd0ab0 of 54 bytes failed: Only part of a ReadProcessMemory or WriteProcessMemory request was completed. (0x12B)
[0320/134546.775:ERROR:process_memory_win.cc(73)] ReadMemory at 0x1cba9cd2c00 of 132 bytes failed: Only part of a ReadProcessMemory or WriteProcessMemory request was completed. (0x12B)
[0320/134546.775:ERROR:process_memory_win.cc(73)] ReadMemory at 0x1cba9cd30a0 of 132 bytes failed: Only part of a ReadProcessMemory or WriteProcessMemory request was completed. (0x12B)
[0320/134546.775:ERROR:process_memory_win.cc(73)] ReadMemory at 0x1cba9cd31d0 of 132 bytes failed: Only part of a ReadProcessMemory or WriteProcessMemory request was completed. (0x12B)
[0320/134546.776:ERROR:process_memory_win.cc(73)] ReadMemory at 0x1cba9cd3300 of 132 bytes failed: Only part of a ReadProcessMemory or WriteProcessMemory request was completed. (0x12B)
[0320/134546.776:ERROR:process_memory_win.cc(73)] ReadMemory at 0x1cba9cd3430 of 132 bytes failed: Only part of a ReadProcessMemory or WriteProcessMemory request was completed. (0x12B)
[0320/134546.776:ERROR:process_memory_win.cc(73)] ReadMemory at 0x1cba9cd3560 of 132 bytes failed: Only part of a ReadProcessMemory or WriteProcessMemory request was completed. (0x12B)
[0320/134546.777:ERROR:process_memory_win.cc(73)] ReadMemory at 0x1cba9cd3690 of 132 bytes failed: Only part of a ReadProcessMemory or WriteProcessMemory request was completed. (0x12B)
[0320/134546.777:ERROR:process_memory_win.cc(73)] ReadMemory at 0x1cba9cd37c0 of 132 bytes failed: Only part of a ReadProcessMemory or WriteProcessMemory request was completed. (0x12B)
[0320/134546.777:ERROR:process_memory_win.cc(73)] ReadMemory at 0x1cba9cd43a0 of 132 bytes failed: Only part of a ReadProcessMemory or WriteProcessMemory request was completed. (0x12B)
[0320/134546.778:ERROR:process_memory_win.cc(73)] ReadMemory at 0x1cba9cd4860 of 132 bytes failed: Only part of a ReadProcessMemory or WriteProcessMemory request was completed. (0x12B)
[0320/134546.778:ERROR:process_memory_win.cc(73)] ReadMemory at 0x1cba9cd4bf0 of 132 bytes failed: Only part of a ReadProcessMemory or WriteProcessMemory request was completed. (0x12B)
[0320/134546.778:ERROR:process_memory_win.cc(73)] ReadMemory at 0x1cba9cd4d20 of 132 bytes failed: Only part of a ReadProcessMemory or WriteProcessMemory request was completed. (0x12B)
[0320/134546.779:ERROR:process_memory_win.cc(73)] ReadMemory at 0x1cba9ceb670 of 512 bytes failed: Only part of a ReadProcessMemory or WriteProcessMemory request was completed. (0x12B)
[0320/134546.779:ERROR:process_memory_win.cc(73)] ReadMemory at 0x1cba9cec410 of 512 bytes failed: Only part of a ReadProcessMemory or WriteProcessMemory request was completed. (0x12B)
[0320/134546.779:ERROR:process_memory_win.cc(73)] ReadMemory at 0x1cba9ef0f40 of 512 bytes failed: Only part of a ReadProcessMemory or WriteProcessMemory request was completed. (0x12B)
[0320/134546.780:ERROR:process_memory_win.cc(73)] ReadMemory at 0x1cbaa1634c0 of 512 bytes failed: Only part of a ReadProcessMemory or WriteProcessMemory request was completed. (0x12B)
[0320/134546.780:ERROR:process_memory_win.cc(73)] ReadMemory at 0x1cbaa166b00 of 512 bytes failed: Only part of a ReadProcessMemory or WriteProcessMemory request was completed. (0x12B)
[0320/134546.780:ERROR:process_memory_win.cc(73)] ReadMemory at 0x1cbaa175670 of 512 bytes failed: Only part of a ReadProcessMemory or WriteProcessMemory request was completed. (0x12B)
[0320/134546.780:ERROR:process_memory_win.cc(73)] ReadMemory at 0x1cbaa1795a0 of 712 bytes failed: Only part of a ReadProcessMemory or WriteProcessMemory request was completed. (0x12B)
[0320/134546.781:ERROR:process_memory_win.cc(73)] ReadMemory at 0x1cbac034e00 of 512 bytes failed: Only part of a ReadProcessMemory or WriteProcessMemory request was completed. (0x12B)
[0320/134546.781:ERROR:process_memory_win.cc(73)] ReadMemory at 0x1cbac07d2c8 of 512 bytes failed: Only part of a ReadProcessMemory or WriteProcessMemory request was completed. (0x12B)
[0320/134546.782:ERROR:process_memory_win.cc(73)] ReadMemory at 0x1cbac07d8f8 of 512 bytes failed: Only part of a ReadProcessMemory or WriteProcessMemory request was completed. (0x12B)
[0320/134546.782:ERROR:process_memory_win.cc(73)] ReadMemory at 0x1cbac07e9d8 of 512 bytes failed: Only part of a ReadProcessMemory or WriteProcessMemory request was completed. (0x12B)
[0320/134546.782:ERROR:process_memory_win.cc(73)] ReadMemory at 0x1cbaddbe038 of 512 bytes failed: Only part of a ReadProcessMemory or WriteProcessMemory request was completed. (0x12B)
[0320/134546.783:ERROR:process_memory_win.cc(73)] ReadMemory at 0x1cbaddbe31a of 512 bytes failed: Only part of a ReadProcessMemory or WriteProcessMemory request was completed. (0x12B)
[0320/134546.783:ERROR:process_memory_win.cc(73)] ReadMemory at 0x1cbaddbfcb0 of 512 bytes failed: Only part of a ReadProcessMemory or WriteProcessMemory request was completed. (0x12B)
[0320/134546.783:ERROR:process_memory_win.cc(73)] ReadMemory at 0x1cbae8735f0 of 512 bytes failed: Only part of a ReadProcessMemory or WriteProcessMemory request was completed. (0x12B)
[0320/134546.784:ERROR:process_memory_win.cc(73)] ReadMemory at 0x1cbae8f7fe0 of 512 bytes failed: Only part of a ReadProcessMemory or WriteProcessMemory request was completed. (0x12B)
[0320/134546.784:ERROR:process_memory_win.cc(73)] ReadMemory at 0x1cbae911d80 of 744 bytes failed: Only part of a ReadProcessMemory or WriteProcessMemory request was completed. (0x12B)
[0320/134546.785:ERROR:process_memory_win.cc(73)] ReadMemory at 0x7ffbf4a9ab94 of 512 bytes failed: Only part of a ReadProcessMemory or WriteProcessMemory request was completed. (0x12B)
[0320/134546.785:ERROR:process_memory_win.cc(73)] ReadMemory at 0x7ffbf57f4bf4 of 512 bytes failed: Only part of a ReadProcessMemory or WriteProcessMemory request was completed. (0x12B)
[0320/134546.785:ERROR:process_memory_win.cc(73)] ReadMemory at 0x7ffbf94fdfbc of 512 bytes failed: Only part of a ReadProcessMemory or WriteProcessMemory request was completed. (0x12B)
[0320/134546.786:ERROR:process_memory_win.cc(73)] ReadMemory at 0x7ffc33067a8d of 512 bytes failed: Only part of a ReadProcessMemory or WriteProcessMemory request was completed. (0x12B)
[0320/134546.786:ERROR:process_memory_win.cc(73)] ReadMemory at 0x7ffc33068285 of 512 bytes failed: Only part of a ReadProcessMemory or WriteProcessMemory request was completed. (0x12B)
[0320/134546.787:ERROR:process_memory_win.cc(73)] ReadMemory at 0x7ffc5051c0c4 of 672 bytes failed: Only part of a ReadProcessMemory or WriteProcessMemory request was completed. (0x12B)
[0320/134546.787:ERROR:process_memory_win.cc(73)] ReadMemory at 0x7ffc5051f974 of 608 bytes failed: Only part of a ReadProcessMemory or WriteProcessMemory request was completed. (0x12B)
[0320/134546.787:ERROR:process_memory_win.cc(73)] ReadMemory at 0x7ffc505ac428 of 18 bytes failed: Only part of a ReadProcessMemory or WriteProcessMemory request was completed. (0x12B)
[0320/134546.788:ERROR:process_memory_win.cc(73)] ReadMemory at 0x7ffc505df4f8 of 40 bytes failed: Only part of a ReadProcessMemory or WriteProcessMemory request was completed. (0x12B)
[0320/134546.788:ERROR:process_memory_win.cc(73)] ReadMemory at 0x7ffc505df978 of 48 bytes failed: Only part of a ReadProcessMemory or WriteProcessMemory request was completed. (0x12B)
[0320/134546.789:ERROR:process_memory_win.cc(73)] ReadMemory at 0x7ffc505e53c0 of 64 bytes failed: Only part of a ReadProcessMemory or WriteProcessMemory request was completed. (0x12B)
[0320/134546.797:ERROR:scoped_process_suspend.cc(40)] NtResumeProcess: An attempt was made to access an exiting process. (0xc000010a)
